2017-02-08 10:44:33,595 [Worker-1] INFO  c.g.t.t.d.PublishedGradleVersions - Gradle version information cache is out-of-date. Trying to update.
2017-02-09 09:18:59,339 [Worker-3] INFO  c.g.t.t.d.PublishedGradleVersions - Gradle version information cache is up-to-date. Trying to read.
2017-02-22 10:06:47,086 [Worker-0] INFO  c.g.t.t.d.PublishedGradleVersions - Gradle version information cache is out-of-date. Trying to update.
2017-02-22 23:27:28,437 [Worker-3] INFO  c.g.t.t.d.PublishedGradleVersions - Gradle version information cache is out-of-date. Trying to update.
2017-02-23 09:19:26,157 [Worker-2] INFO  c.g.t.t.d.PublishedGradleVersions - Gradle version information cache is up-to-date. Trying to read.
2017-03-01 10:21:06,496 [Worker-2] INFO  c.g.t.t.d.PublishedGradleVersions - Gradle version information cache is out-of-date. Trying to update.
2017-03-02 09:18:20,098 [Worker-1] INFO  c.g.t.t.d.PublishedGradleVersions - Gradle version information cache is up-to-date. Trying to read.
2017-03-03 08:57:13,825 [Worker-0] INFO  c.g.t.t.d.PublishedGradleVersions - Gradle version information cache is out-of-date. Trying to update.
2017-03-05 19:55:55,228 [Worker-4] INFO  c.g.t.t.d.PublishedGradleVersions - Gradle version information cache is up-to-date. Trying to read.
2017-03-05 20:41:42,954 [Worker-4] INFO  c.g.t.t.d.PublishedGradleVersions - Gradle version information cache is up-to-date. Trying to read.
2017-03-06 23:08:56,752 [Worker-1] INFO  c.g.t.t.d.PublishedGradleVersions - Gradle version information cache is out-of-date. Trying to update.
2017-03-07 21:34:55,775 [Worker-0] INFO  c.g.t.t.d.PublishedGradleVersions - Gradle version information cache is up-to-date. Trying to read.
2017-03-08 22:25:37,659 [Worker-1] INFO  c.g.t.t.d.PublishedGradleVersions - Gradle version information cache is out-of-date. Trying to update.
2017-03-09 00:17:40,477 [Worker-2] INFO  c.g.t.t.d.PublishedGradleVersions - Gradle version information cache is up-to-date. Trying to read.
2017-03-09 00:21:44,529 [Worker-0] INFO  c.g.t.t.d.PublishedGradleVersions - Gradle version information cache is up-to-date. Trying to read.
2017-03-09 00:23:45,010 [Worker-1] INFO  c.g.t.t.d.PublishedGradleVersions - Gradle version information cache is up-to-date. Trying to read.
2017-03-09 00:35:57,808 [Worker-1] INFO  c.g.t.t.d.PublishedGradleVersions - Gradle version information cache is up-to-date. Trying to read.
2017-03-09 00:37:44,719 [Worker-3] INFO  c.g.t.t.d.PublishedGradleVersions - Gradle version information cache is up-to-date. Trying to read.
2017-03-09 00:40:35,620 [Worker-2] INFO  c.g.t.t.d.PublishedGradleVersions - Gradle version information cache is up-to-date. Trying to read.
2017-03-14 22:05:46,149 [Worker-2] INFO  c.g.t.t.d.PublishedGradleVersions - Gradle version information cache is out-of-date. Trying to update.
2017-03-15 09:36:47,989 [Worker-3] INFO  c.g.t.t.d.PublishedGradleVersions - Gradle version information cache is out-of-date. Trying to update.
2017-03-15 09:37:02,493 [Worker-3] INFO  c.g.t.t.d.PublishedGradleVersions - Updating Gradle version information cache failed. Using outdated cache.
2017-03-19 21:34:37,836 [Worker-1] INFO  c.g.t.t.d.PublishedGradleVersions - Gradle version information cache is out-of-date. Trying to update.
2017-03-20 20:47:58,733 [Worker-2] INFO  c.g.t.t.d.PublishedGradleVersions - Gradle version information cache is up-to-date. Trying to read.
2017-03-21 20:46:50,411 [Worker-2] INFO  c.g.t.t.d.PublishedGradleVersions - Gradle version information cache is out-of-date. Trying to update.
2017-03-21 20:46:52,236 [Worker-2] ERROR c.g.t.t.d.PublishedGradleVersions - Cannot write Gradle version information cache file.
java.io.FileNotFoundException: C:\Users\Ryan.Denny-HP\.tooling\gradle\versions.json (Access is denied)
	at java.io.FileOutputStream.open0(Native Method) ~[na:1.8.0_77]
	at java.io.FileOutputStream.open(Unknown Source) ~[na:1.8.0_77]
	at java.io.FileOutputStream.<init>(Unknown Source) ~[na:1.8.0_77]
	at com.google.common.io.Files$FileByteSink.openStream(Files.java:245) ~[com.google.guava_15.0.0.v201403281430.jar:na]
	at com.google.common.io.Files$FileByteSink.openStream(Files.java:233) ~[com.google.guava_15.0.0.v201403281430.jar:na]
	at com.google.common.io.ByteSink$AsCharSink.openStream(ByteSink.java:158) ~[com.google.guava_15.0.0.v201403281430.jar:na]
	at com.google.common.io.CharSource.copyTo(CharSource.java:138) ~[com.google.guava_15.0.0.v201403281430.jar:na]
	at com.gradleware.tooling.toolingutils.distribution.PublishedGradleVersions.storeCacheVersionsFile(PublishedGradleVersions.java:194) [com.gradleware.tooling.utils_0.12.0.v20160425083245.jar:na]
	at com.gradleware.tooling.toolingutils.distribution.PublishedGradleVersions.tryToDownloadAndCacheVersions(PublishedGradleVersions.java:160) [com.gradleware.tooling.utils_0.12.0.v20160425083245.jar:na]
	at com.gradleware.tooling.toolingutils.distribution.PublishedGradleVersions.tryToUpdateOutdatedVersionsFile(PublishedGradleVersions.java:143) [com.gradleware.tooling.utils_0.12.0.v20160425083245.jar:na]
	at com.gradleware.tooling.toolingutils.distribution.PublishedGradleVersions.create(PublishedGradleVersions.java:127) [com.gradleware.tooling.utils_0.12.0.v20160425083245.jar:na]
	at org.eclipse.buildship.core.util.gradle.PublishedGradleVersionsWrapper$LoadVersionsJob.run(PublishedGradleVersionsWrapper.java:66) [org.eclipse.buildship.core_1.0.15.v20160425-1638.jar:na]
	at org.eclipse.core.internal.jobs.Worker.run(Worker.java:55) [org.eclipse.core.jobs_3.8.0.v20160509-0411.jar:na]
2017-03-24 09:03:12,438 [Worker-6] INFO  c.g.t.t.d.PublishedGradleVersions - Gradle version information cache is out-of-date. Trying to update.
2017-03-26 17:59:09,307 [Worker-0] INFO  c.g.t.t.d.PublishedGradleVersions - Gradle version information cache is out-of-date. Trying to update.
2017-03-26 17:59:09,859 [Worker-0] ERROR c.g.t.t.d.PublishedGradleVersions - Cannot write Gradle version information cache file.
java.io.FileNotFoundException: C:\Users\Ryan.Denny-HP\.tooling\gradle\versions.json (Access is denied)
	at java.io.FileOutputStream.open0(Native Method) ~[na:1.8.0_77]
	at java.io.FileOutputStream.open(Unknown Source) ~[na:1.8.0_77]
	at java.io.FileOutputStream.<init>(Unknown Source) ~[na:1.8.0_77]
	at com.google.common.io.Files$FileByteSink.openStream(Files.java:245) ~[com.google.guava_15.0.0.v201403281430.jar:na]
	at com.google.common.io.Files$FileByteSink.openStream(Files.java:233) ~[com.google.guava_15.0.0.v201403281430.jar:na]
	at com.google.common.io.ByteSink$AsCharSink.openStream(ByteSink.java:158) ~[com.google.guava_15.0.0.v201403281430.jar:na]
	at com.google.common.io.CharSource.copyTo(CharSource.java:138) ~[com.google.guava_15.0.0.v201403281430.jar:na]
	at com.gradleware.tooling.toolingutils.distribution.PublishedGradleVersions.storeCacheVersionsFile(PublishedGradleVersions.java:194) [com.gradleware.tooling.utils_0.12.0.v20160425083245.jar:na]
	at com.gradleware.tooling.toolingutils.distribution.PublishedGradleVersions.tryToDownloadAndCacheVersions(PublishedGradleVersions.java:160) [com.gradleware.tooling.utils_0.12.0.v20160425083245.jar:na]
	at com.gradleware.tooling.toolingutils.distribution.PublishedGradleVersions.tryToUpdateOutdatedVersionsFile(PublishedGradleVersions.java:143) [com.gradleware.tooling.utils_0.12.0.v20160425083245.jar:na]
	at com.gradleware.tooling.toolingutils.distribution.PublishedGradleVersions.create(PublishedGradleVersions.java:127) [com.gradleware.tooling.utils_0.12.0.v20160425083245.jar:na]
	at org.eclipse.buildship.core.util.gradle.PublishedGradleVersionsWrapper$LoadVersionsJob.run(PublishedGradleVersionsWrapper.java:66) [org.eclipse.buildship.core_1.0.15.v20160425-1638.jar:na]
	at org.eclipse.core.internal.jobs.Worker.run(Worker.java:55) [org.eclipse.core.jobs_3.8.0.v20160509-0411.jar:na]
2017-03-27 09:04:06,922 [Worker-4] INFO  c.g.t.t.d.PublishedGradleVersions - Gradle version information cache is out-of-date. Trying to update.
2017-03-29 09:45:51,791 [Worker-1] INFO  c.g.t.t.d.PublishedGradleVersions - Gradle version information cache is out-of-date. Trying to update.
2017-04-06 16:25:03,798 [Worker-4] INFO  c.g.t.t.d.PublishedGradleVersions - Gradle version information cache is out-of-date. Trying to update.
2017-04-06 16:25:04,481 [Worker-4] ERROR c.g.t.t.d.PublishedGradleVersions - Cannot write Gradle version information cache file.
java.io.FileNotFoundException: C:\Users\Ryan.Denny-HP\.tooling\gradle\versions.json (Access is denied)
	at java.io.FileOutputStream.open0(Native Method) ~[na:1.8.0_77]
	at java.io.FileOutputStream.open(Unknown Source) ~[na:1.8.0_77]
	at java.io.FileOutputStream.<init>(Unknown Source) ~[na:1.8.0_77]
	at com.google.common.io.Files$FileByteSink.openStream(Files.java:245) ~[com.google.guava_15.0.0.v201403281430.jar:na]
	at com.google.common.io.Files$FileByteSink.openStream(Files.java:233) ~[com.google.guava_15.0.0.v201403281430.jar:na]
	at com.google.common.io.ByteSink$AsCharSink.openStream(ByteSink.java:158) ~[com.google.guava_15.0.0.v201403281430.jar:na]
	at com.google.common.io.CharSource.copyTo(CharSource.java:138) ~[com.google.guava_15.0.0.v201403281430.jar:na]
	at com.gradleware.tooling.toolingutils.distribution.PublishedGradleVersions.storeCacheVersionsFile(PublishedGradleVersions.java:194) [com.gradleware.tooling.utils_0.12.0.v20160425083245.jar:na]
	at com.gradleware.tooling.toolingutils.distribution.PublishedGradleVersions.tryToDownloadAndCacheVersions(PublishedGradleVersions.java:160) [com.gradleware.tooling.utils_0.12.0.v20160425083245.jar:na]
	at com.gradleware.tooling.toolingutils.distribution.PublishedGradleVersions.tryToUpdateOutdatedVersionsFile(PublishedGradleVersions.java:143) [com.gradleware.tooling.utils_0.12.0.v20160425083245.jar:na]
	at com.gradleware.tooling.toolingutils.distribution.PublishedGradleVersions.create(PublishedGradleVersions.java:127) [com.gradleware.tooling.utils_0.12.0.v20160425083245.jar:na]
	at org.eclipse.buildship.core.util.gradle.PublishedGradleVersionsWrapper$LoadVersionsJob.run(PublishedGradleVersionsWrapper.java:66) [org.eclipse.buildship.core_1.0.15.v20160425-1638.jar:na]
	at org.eclipse.core.internal.jobs.Worker.run(Worker.java:55) [org.eclipse.core.jobs_3.8.0.v20160509-0411.jar:na]
2017-04-06 19:35:15,550 [Worker-1] INFO  c.g.t.t.d.PublishedGradleVersions - Gradle version information cache is out-of-date. Trying to update.
2017-04-06 19:35:16,216 [Worker-1] ERROR c.g.t.t.d.PublishedGradleVersions - Cannot write Gradle version information cache file.
java.io.FileNotFoundException: C:\Users\Ryan.Denny-HP\.tooling\gradle\versions.json (Access is denied)
	at java.io.FileOutputStream.open0(Native Method) ~[na:1.8.0_77]
	at java.io.FileOutputStream.open(Unknown Source) ~[na:1.8.0_77]
	at java.io.FileOutputStream.<init>(Unknown Source) ~[na:1.8.0_77]
	at com.google.common.io.Files$FileByteSink.openStream(Files.java:245) ~[com.google.guava_15.0.0.v201403281430.jar:na]
	at com.google.common.io.Files$FileByteSink.openStream(Files.java:233) ~[com.google.guava_15.0.0.v201403281430.jar:na]
	at com.google.common.io.ByteSink$AsCharSink.openStream(ByteSink.java:158) ~[com.google.guava_15.0.0.v201403281430.jar:na]
	at com.google.common.io.CharSource.copyTo(CharSource.java:138) ~[com.google.guava_15.0.0.v201403281430.jar:na]
	at com.gradleware.tooling.toolingutils.distribution.PublishedGradleVersions.storeCacheVersionsFile(PublishedGradleVersions.java:194) [com.gradleware.tooling.utils_0.12.0.v20160425083245.jar:na]
	at com.gradleware.tooling.toolingutils.distribution.PublishedGradleVersions.tryToDownloadAndCacheVersions(PublishedGradleVersions.java:160) [com.gradleware.tooling.utils_0.12.0.v20160425083245.jar:na]
	at com.gradleware.tooling.toolingutils.distribution.PublishedGradleVersions.tryToUpdateOutdatedVersionsFile(PublishedGradleVersions.java:143) [com.gradleware.tooling.utils_0.12.0.v20160425083245.jar:na]
	at com.gradleware.tooling.toolingutils.distribution.PublishedGradleVersions.create(PublishedGradleVersions.java:127) [com.gradleware.tooling.utils_0.12.0.v20160425083245.jar:na]
	at org.eclipse.buildship.core.util.gradle.PublishedGradleVersionsWrapper$LoadVersionsJob.run(PublishedGradleVersionsWrapper.java:66) [org.eclipse.buildship.core_1.0.15.v20160425-1638.jar:na]
	at org.eclipse.core.internal.jobs.Worker.run(Worker.java:55) [org.eclipse.core.jobs_3.8.0.v20160509-0411.jar:na]
2017-04-13 01:00:55,466 [Worker-4] INFO  c.g.t.t.d.PublishedGradleVersions - Gradle version information cache is out-of-date. Trying to update.
2017-04-13 01:00:56,104 [Worker-4] ERROR c.g.t.t.d.PublishedGradleVersions - Cannot write Gradle version information cache file.
java.io.FileNotFoundException: C:\Users\Ryan.Denny-HP\.tooling\gradle\versions.json (Access is denied)
	at java.io.FileOutputStream.open0(Native Method) ~[na:1.8.0_77]
	at java.io.FileOutputStream.open(Unknown Source) ~[na:1.8.0_77]
	at java.io.FileOutputStream.<init>(Unknown Source) ~[na:1.8.0_77]
	at com.google.common.io.Files$FileByteSink.openStream(Files.java:245) ~[com.google.guava_15.0.0.v201403281430.jar:na]
	at com.google.common.io.Files$FileByteSink.openStream(Files.java:233) ~[com.google.guava_15.0.0.v201403281430.jar:na]
	at com.google.common.io.ByteSink$AsCharSink.openStream(ByteSink.java:158) ~[com.google.guava_15.0.0.v201403281430.jar:na]
	at com.google.common.io.CharSource.copyTo(CharSource.java:138) ~[com.google.guava_15.0.0.v201403281430.jar:na]
	at com.gradleware.tooling.toolingutils.distribution.PublishedGradleVersions.storeCacheVersionsFile(PublishedGradleVersions.java:194) [com.gradleware.tooling.utils_0.12.0.v20160425083245.jar:na]
	at com.gradleware.tooling.toolingutils.distribution.PublishedGradleVersions.tryToDownloadAndCacheVersions(PublishedGradleVersions.java:160) [com.gradleware.tooling.utils_0.12.0.v20160425083245.jar:na]
	at com.gradleware.tooling.toolingutils.distribution.PublishedGradleVersions.tryToUpdateOutdatedVersionsFile(PublishedGradleVersions.java:143) [com.gradleware.tooling.utils_0.12.0.v20160425083245.jar:na]
	at com.gradleware.tooling.toolingutils.distribution.PublishedGradleVersions.create(PublishedGradleVersions.java:127) [com.gradleware.tooling.utils_0.12.0.v20160425083245.jar:na]
	at org.eclipse.buildship.core.util.gradle.PublishedGradleVersionsWrapper$LoadVersionsJob.run(PublishedGradleVersionsWrapper.java:66) [org.eclipse.buildship.core_1.0.15.v20160425-1638.jar:na]
	at org.eclipse.core.internal.jobs.Worker.run(Worker.java:55) [org.eclipse.core.jobs_3.8.0.v20160509-0411.jar:na]
